[debug] [2022-04-04T07:54:32.047Z] ----------------------------------------------------------------------
[debug] [2022-04-04T07:54:32.048Z] Command:       /usr/local/bin/node /usr/local/bin/firebase serve
[debug] [2022-04-04T07:54:32.049Z] CLI Version:   10.5.0
[debug] [2022-04-04T07:54:32.049Z] Platform:      linux
[debug] [2022-04-04T07:54:32.049Z] Node Version:  v17.8.0
[debug] [2022-04-04T07:54:32.049Z] Time:          Mon Apr 04 2022 00:54:32 GMT-0700 (Pacific Daylight Time)
[debug] [2022-04-04T07:54:32.050Z] ----------------------------------------------------------------------
[debug] 
[debug] [2022-04-04T07:54:32.095Z] > command requires scopes: ["email","openid","https://www.googleapis.com/auth/cloudplatformprojects.readonly","https://www.googleapis.com/auth/firebase","https://www.googleapis.com/auth/cloud-platform"]
[debug] [2022-04-04T07:54:32.095Z] > authorizing via signed-in user (julioballista@gmail.com)
[debug] [2022-04-04T07:54:32.095Z] [iam] checking project todo-e0f41 for permissions ["firebase.projects.get"]
[debug] [2022-04-04T07:54:32.096Z] > refreshing access token with scopes: []
[debug] [2022-04-04T07:54:32.097Z] >>> HTTP REQUEST POST https://www.googleapis.com/oauth2/v3/token  
 <request body omitted>
[debug] [2022-04-04T07:54:32.213Z] <<< HTTP RESPONSE 200 {"cache-control":"no-cache, no-store, max-age=0, must-revalidate","expires":"Mon, 01 Jan 1990 00:00:00 GMT","pragma":"no-cache","date":"Mon, 04 Apr 2022 07:54:31 GMT","content-type":"application/json; charset=utf-8","vary":"X-Origin, Referer, Origin,Accept-Encoding","server":"scaffolding on HTTPServer2","x-xss-protection":"0","x-frame-options":"SAMEORIGIN","x-content-type-options":"nosniff","alt-svc":"h3=\":443\"; ma=2592000,h3-29=\":443\"; ma=2592000,h3-Q050=\":443\"; ma=2592000,h3-Q046=\":443\"; ma=2592000,h3-Q043=\":443\"; ma=2592000,quic=\":443\"; ma=2592000; v=\"46,43\"","accept-ranges":"none","transfer-encoding":"chunked"}
[debug] [2022-04-04T07:54:32.219Z] >>> [apiv2][query] POST https://cloudresourcemanager.googleapis.com/v1/projects/todo-e0f41:testIamPermissions [none]
[debug] [2022-04-04T07:54:32.219Z] >>> [apiv2][body] POST https://cloudresourcemanager.googleapis.com/v1/projects/todo-e0f41:testIamPermissions {"permissions":["firebase.projects.get"]}
[debug] [2022-04-04T07:54:32.333Z] <<< [apiv2][status] POST https://cloudresourcemanager.googleapis.com/v1/projects/todo-e0f41:testIamPermissions 200
[debug] [2022-04-04T07:54:32.333Z] <<< [apiv2][body] POST https://cloudresourcemanager.googleapis.com/v1/projects/todo-e0f41:testIamPermissions {"permissions":["firebase.projects.get"]}
[debug] [2022-04-04T07:54:32.334Z] >>> [apiv2][query] GET https://firebase.googleapis.com/v1beta1/projects/todo-e0f41 [none]
[debug] [2022-04-04T07:54:32.484Z] <<< [apiv2][status] GET https://firebase.googleapis.com/v1beta1/projects/todo-e0f41 200
[debug] [2022-04-04T07:54:32.485Z] <<< [apiv2][body] GET https://firebase.googleapis.com/v1beta1/projects/todo-e0f41 {"projectId":"todo-e0f41","projectNumber":"301771672350","displayName":"ToDo","name":"projects/todo-e0f41","resources":{"hostingSite":"todo-e0f41","realtimeDatabaseInstance":"todo-e0f41-default-rtdb","storageBucket":"todo-e0f41.appspot.com","locationId":"us-central"},"state":"ACTIVE"}
[info] 
[info] === Serving from '/home/juliob/programs/todo-app'...
[info] 
[warn] ⚠  Your requested "node" version "16" doesn't match your global version "17". Using node@17 from host. {"metadata":{"emulator":{"name":"functions"},"message":"Your requested \"node\" version \"16\" doesn't match your global version \"17\". Using node@17 from host."}}
[debug] [2022-04-04T07:54:32.495Z] defaultcredentials: writing to file /home/juliob/.config/firebase/julioballista_gmail_com_application_default_credentials.json
[debug] [2022-04-04T07:54:32.496Z] Setting GAC to /home/juliob/.config/firebase/julioballista_gmail_com_application_default_credentials.json {"metadata":{"emulator":{"name":"functions"},"message":"Setting GAC to /home/juliob/.config/firebase/julioballista_gmail_com_application_default_credentials.json"}}
[debug] [2022-04-04T07:54:32.496Z] >>> [apiv2][query] GET https://firebase.googleapis.com/v1beta1/projects/todo-e0f41/adminSdkConfig [none]
[debug] [2022-04-04T07:54:32.686Z] <<< [apiv2][status] GET https://firebase.googleapis.com/v1beta1/projects/todo-e0f41/adminSdkConfig 200
[debug] [2022-04-04T07:54:32.686Z] <<< [apiv2][body] GET https://firebase.googleapis.com/v1beta1/projects/todo-e0f41/adminSdkConfig {"projectId":"todo-e0f41","databaseURL":"https://todo-e0f41-default-rtdb.firebaseio.com","storageBucket":"todo-e0f41.appspot.com","locationId":"us-central"}
[info] i  functions: Watching "/home/juliob/programs/todo-app/functions" for Cloud Functions... {"metadata":{"emulator":{"name":"functions"},"message":"Watching \"/home/juliob/programs/todo-app/functions\" for Cloud Functions..."}}
[debug] [2022-04-04T07:54:32.697Z] Validating nodejs source
[debug] [2022-04-04T07:54:33.546Z] > [functions] package.json contents: {
  "name": "functions",
  "scripts": {
    "lint": "eslint --ext .js,.ts .",
    "build": "tsc",
    "serve": "npm run build && firebase emulators:start --only functions",
    "shell": "npm run build && firebase functions:shell",
    "start": "npm run shell",
    "deploy": "firebase deploy --only functions",
    "logs": "firebase functions:log"
  },
  "engines": {
    "node": "16"
  },
  "main": "lib/index.js",
  "dependencies": {
    "firebase-admin": "^10.0.2",
    "firebase-functions": "^3.18.0"
  },
  "devDependencies": {
    "@typescript-eslint/eslint-plugin": "^5.12.0",
    "@typescript-eslint/parser": "^5.12.0",
    "eslint": "^8.9.0",
    "eslint-config-google": "^0.14.0",
    "eslint-plugin-import": "^2.25.4",
    "firebase-functions-test": "^0.2.0",
    "typescript": "^4.5.4"
  },
  "private": true
}
[debug] [2022-04-04T07:54:33.546Z] Building nodejs source
[debug] [2022-04-04T07:54:33.546Z] Analyzing nodejs backend spec
[info] ✔  functions[us-central1-api]: http function initialized (http://localhost:5000/todo-e0f41/us-central1/api). {"metadata":{"emulator":{"name":"functions"},"message":"\u001b[1mhttp\u001b[22m function initialized (http://localhost:5000/todo-e0f41/us-central1/api)."}}
[debug] [2022-04-04T07:54:37.512Z] [work-queue] {"queueLength":1,"workRunningCount":0}
[debug] [2022-04-04T07:54:37.513Z] [work-queue] {"queueLength":0,"workRunningCount":1}
[debug] [2022-04-04T07:54:37.513Z] Accepted request DELETE /todo-e0f41/us-central1/api/delete/JwKXAZn9dBJlFwhLl4uz --> us-central1-api
[debug] [2022-04-04T07:54:37.521Z] [worker-pool] addWorker(us-central1-api) {"metadata":{"emulator":{"name":"functions"},"message":"[worker-pool] addWorker(us-central1-api)"}}
[debug] [2022-04-04T07:54:37.521Z] [worker-pool] Adding worker with key us-central1-api, total=1 {"metadata":{"emulator":{"name":"functions"},"message":"[worker-pool] Adding worker with key us-central1-api, total=1"}}
[debug] [2022-04-04T07:54:37.522Z] [worker-pool] submitWork(triggerId=us-central1-api) {"metadata":{"emulator":{"name":"functions"},"message":"[worker-pool] submitWork(triggerId=us-central1-api)"}}
[debug] [2022-04-04T07:54:37.522Z] [worker-us-central1-api-3dc9d17a-763d-44b6-834d-f2fffd84aaee]: Assigning socketPath: /tmp/fire_emu_662.sock {"metadata":{"emulator":{"name":"functions"},"message":"[worker-us-central1-api-3dc9d17a-763d-44b6-834d-f2fffd84aaee]: Assigning socketPath: /tmp/fire_emu_662.sock"}}
[debug] [2022-04-04T07:54:37.522Z] [worker-us-central1-api-3dc9d17a-763d-44b6-834d-f2fffd84aaee]: BUSY {"metadata":{"emulator":{"name":"functions"},"message":"[worker-us-central1-api-3dc9d17a-763d-44b6-834d-f2fffd84aaee]: BUSY"}}
[debug] [2022-04-04T07:54:38.089Z] [runtime-status] [662] Functions runtime initialized. {"cwd":"/home/juliob/programs/todo-app/functions","node_version":"17.8.0"} {"metadata":{"emulator":{"name":"functions"},"function":{"name":"us-central1-api"},"extension":{},"message":"[runtime-status] [662] Functions runtime initialized. {\"cwd\":\"/home/juliob/programs/todo-app/functions\",\"node_version\":\"17.8.0\"}"}}
[debug] [2022-04-04T07:54:38.090Z] [runtime-status] [662] Disabled runtime features: undefined {"metadata":{"emulator":{"name":"functions"},"function":{"name":"us-central1-api"},"extension":{},"message":"[runtime-status] [662] Disabled runtime features: undefined"}}
[debug] [2022-04-04T07:54:38.091Z] [runtime-status] [662] Resolved module firebase-admin {"declared":true,"installed":true,"version":"10.0.2","resolution":"/home/juliob/programs/todo-app/functions/node_modules/firebase-admin/lib/index.js"} {"metadata":{"emulator":{"name":"functions"},"function":{"name":"us-central1-api"},"extension":{},"message":"[runtime-status] [662] Resolved module firebase-admin {\"declared\":true,\"installed\":true,\"version\":\"10.0.2\",\"resolution\":\"/home/juliob/programs/todo-app/functions/node_modules/firebase-admin/lib/index.js\"}"}}
[debug] [2022-04-04T07:54:38.092Z] [runtime-status] [662] Resolved module firebase-functions {"declared":true,"installed":true,"version":"3.19.0","resolution":"/home/juliob/programs/todo-app/functions/node_modules/firebase-functions/lib/index.js"} {"metadata":{"emulator":{"name":"functions"},"function":{"name":"us-central1-api"},"extension":{},"message":"[runtime-status] [662] Resolved module firebase-functions {\"declared\":true,\"installed\":true,\"version\":\"3.19.0\",\"resolution\":\"/home/juliob/programs/todo-app/functions/node_modules/firebase-functions/lib/index.js\"}"}}
[debug] [2022-04-04T07:54:38.092Z] [runtime-status] [662] Outgoing network have been stubbed. [{"name":"http","status":"mocked"},{"name":"http","status":"mocked"},{"name":"https","status":"mocked"},{"name":"https","status":"mocked"},{"name":"net","status":"mocked"}] {"metadata":{"emulator":{"name":"functions"},"function":{"name":"us-central1-api"},"extension":{},"message":"[runtime-status] [662] Outgoing network have been stubbed. [{\"name\":\"http\",\"status\":\"mocked\"},{\"name\":\"http\",\"status\":\"mocked\"},{\"name\":\"https\",\"status\":\"mocked\"},{\"name\":\"https\",\"status\":\"mocked\"},{\"name\":\"net\",\"status\":\"mocked\"}]"}}
[debug] [2022-04-04T07:54:38.093Z] [runtime-status] [662] Resolved module firebase-functions {"declared":true,"installed":true,"version":"3.19.0","resolution":"/home/juliob/programs/todo-app/functions/node_modules/firebase-functions/lib/index.js"} {"metadata":{"emulator":{"name":"functions"},"function":{"name":"us-central1-api"},"extension":{},"message":"[runtime-status] [662] Resolved module firebase-functions {\"declared\":true,\"installed\":true,\"version\":\"3.19.0\",\"resolution\":\"/home/juliob/programs/todo-app/functions/node_modules/firebase-functions/lib/index.js\"}"}}
[debug] [2022-04-04T07:54:38.117Z] [runtime-status] [662] Checked functions.config() {"config":{}} {"metadata":{"emulator":{"name":"functions"},"function":{"name":"us-central1-api"},"extension":{},"message":"[runtime-status] [662] Checked functions.config() {\"config\":{}}"}}
[debug] [2022-04-04T07:54:38.117Z] [runtime-status] [662] firebase-functions has been stubbed. {"functionsResolution":{"declared":true,"installed":true,"version":"3.19.0","resolution":"/home/juliob/programs/todo-app/functions/node_modules/firebase-functions/lib/index.js"}} {"metadata":{"emulator":{"name":"functions"},"function":{"name":"us-central1-api"},"extension":{},"message":"[runtime-status] [662] firebase-functions has been stubbed. {\"functionsResolution\":{\"declared\":true,\"installed\":true,\"version\":\"3.19.0\",\"resolution\":\"/home/juliob/programs/todo-app/functions/node_modules/firebase-functions/lib/index.js\"}}"}}
[debug] [2022-04-04T07:54:38.118Z] [runtime-status] [662] Resolved module firebase-functions {"declared":true,"installed":true,"version":"3.19.0","resolution":"/home/juliob/programs/todo-app/functions/node_modules/firebase-functions/lib/index.js"} {"metadata":{"emulator":{"name":"functions"},"function":{"name":"us-central1-api"},"extension":{},"message":"[runtime-status] [662] Resolved module firebase-functions {\"declared\":true,\"installed\":true,\"version\":\"3.19.0\",\"resolution\":\"/home/juliob/programs/todo-app/functions/node_modules/firebase-functions/lib/index.js\"}"}}
[debug] [2022-04-04T07:54:38.119Z] [runtime-status] [662] Resolved module firebase-admin {"declared":true,"installed":true,"version":"10.0.2","resolution":"/home/juliob/programs/todo-app/functions/node_modules/firebase-admin/lib/index.js"} {"metadata":{"emulator":{"name":"functions"},"function":{"name":"us-central1-api"},"extension":{},"message":"[runtime-status] [662] Resolved module firebase-admin {\"declared\":true,\"installed\":true,\"version\":\"10.0.2\",\"resolution\":\"/home/juliob/programs/todo-app/functions/node_modules/firebase-admin/lib/index.js\"}"}}
[debug] [2022-04-04T07:54:38.119Z] [runtime-status] [662] Resolved module firebase-functions {"declared":true,"installed":true,"version":"3.19.0","resolution":"/home/juliob/programs/todo-app/functions/node_modules/firebase-functions/lib/index.js"} {"metadata":{"emulator":{"name":"functions"},"function":{"name":"us-central1-api"},"extension":{},"message":"[runtime-status] [662] Resolved module firebase-functions {\"declared\":true,\"installed\":true,\"version\":\"3.19.0\",\"resolution\":\"/home/juliob/programs/todo-app/functions/node_modules/firebase-functions/lib/index.js\"}"}}
[debug] [2022-04-04T07:54:38.119Z] [runtime-status] [662] firebase-admin has been stubbed. {"adminResolution":{"declared":true,"installed":true,"version":"10.0.2","resolution":"/home/juliob/programs/todo-app/functions/node_modules/firebase-admin/lib/index.js"}} {"metadata":{"emulator":{"name":"functions"},"function":{"name":"us-central1-api"},"extension":{},"message":"[runtime-status] [662] firebase-admin has been stubbed. {\"adminResolution\":{\"declared\":true,\"installed\":true,\"version\":\"10.0.2\",\"resolution\":\"/home/juliob/programs/todo-app/functions/node_modules/firebase-admin/lib/index.js\"}}"}}
[debug] [2022-04-04T07:54:38.155Z] [runtime-status] [662] initializeApp(DEFAULT) {"storageBucket":"todo-e0f41.appspot.com","databaseURL":"https://todo-e0f41-default-rtdb.firebaseio.com","projectId":"todo-e0f41"} {"metadata":{"emulator":{"name":"functions"},"function":{"name":"us-central1-api"},"extension":{},"message":"[runtime-status] [662] initializeApp(DEFAULT) {\"storageBucket\":\"todo-e0f41.appspot.com\",\"databaseURL\":\"https://todo-e0f41-default-rtdb.firebaseio.com\",\"projectId\":\"todo-e0f41\"}"}}
[warn] ⚠  functions: The Cloud Firestore emulator is not running, so calls to Firestore will affect production. {"metadata":{"emulator":{"name":"functions"},"function":{"name":"us-central1-api"},"extension":{},"message":"The Cloud Firestore emulator is not running, so calls to Firestore will affect production."}}
[debug] [2022-04-04T07:54:38.168Z] [runtime-status] [662] Beginning invocation function api! {"metadata":{"emulator":{"name":"functions"},"function":{"name":"us-central1-api"},"extension":{},"message":"[runtime-status] [662] Beginning invocation function api!"}}
[info] i  functions: Beginning execution of "api" {"metadata":{"emulator":{"name":"functions"},"function":{"name":"us-central1-api"},"extension":{},"message":"Beginning execution of \"api\""}}
[debug] [2022-04-04T07:54:38.169Z] [runtime-status] [662] Running api in signature http {"metadata":{"emulator":{"name":"functions"},"function":{"name":"us-central1-api"},"extension":{},"message":"[runtime-status] [662] Running api in signature http"}}
[debug] [2022-04-04T07:54:38.170Z] [runtime-status] [662] Attempting to listen to socketPath: /tmp/fire_emu_662.sock {"metadata":{"emulator":{"name":"functions"},"function":{"name":"us-central1-api"},"extension":{},"message":"[runtime-status] [662] Attempting to listen to socketPath: /tmp/fire_emu_662.sock"}}
[debug] [2022-04-04T07:54:38.175Z] [functions] Runtime ready! Sending request! {"metadata":{"emulator":{"name":"functions"},"message":"[functions] Runtime ready! Sending request!"}}
[debug] [2022-04-04T07:54:38.175Z] [functions] Got req.url=/todo-e0f41/us-central1/api/delete/JwKXAZn9dBJlFwhLl4uz, mapping to path=/delete/JwKXAZn9dBJlFwhLl4uz {"metadata":{"emulator":{"name":"functions"},"message":"[functions] Got req.url=/todo-e0f41/us-central1/api/delete/JwKXAZn9dBJlFwhLl4uz, mapping to path=/delete/JwKXAZn9dBJlFwhLl4uz"}}
[debug] [2022-04-04T07:54:38.186Z] [runtime-status] [662] Ephemeral server handling DELETE request {"metadata":{"emulator":{"name":"functions"},"function":{"name":"us-central1-api"},"extension":{},"message":"[runtime-status] [662] Ephemeral server handling DELETE request"}}
[info] >  { id: 'JwKXAZn9dBJlFwhLl4uz' } {"user":"{ id: 'JwKXAZn9dBJlFwhLl4uz' }","metadata":{"emulator":{"name":"functions"},"function":{"name":"us-central1-api"},"extension":{},"message":"\u001b[90m> \u001b[39m { id: 'JwKXAZn9dBJlFwhLl4uz' }"}}
[info] >  JwKXAZn9dBJlFwhLl4uz {"user":"JwKXAZn9dBJlFwhLl4uz","metadata":{"emulator":{"name":"functions"},"function":{"name":"us-central1-api"},"extension":{},"message":"\u001b[90m> \u001b[39m JwKXAZn9dBJlFwhLl4uz"}}
[debug] [2022-04-04T07:54:38.191Z] [runtime-status] [662] Ephemeral server survived. {"metadata":{"emulator":{"name":"functions"},"function":{"name":"us-central1-api"},"extension":{},"message":"[runtime-status] [662] Ephemeral server survived."}}
[warn] ⚠  Google API requested!
   - URL: "https://oauth2.googleapis.com/token"
   - Be careful, this may be a production service. {"metadata":{"emulator":{"name":"functions"},"function":{"name":"us-central1-api"},"extension":{},"message":"Google API requested!\n   - URL: \"https://oauth2.googleapis.com/token\"\n   - Be careful, this may be a production service."}}
[info] i  functions: Finished "api" in ~1s {"metadata":{"emulator":{"name":"functions"},"function":{"name":"us-central1-api"},"extension":{},"message":"Finished \"api\" in ~1s"}}
[debug] [2022-04-04T07:54:38.740Z] [worker-us-central1-api-3dc9d17a-763d-44b6-834d-f2fffd84aaee]: IDLE {"metadata":{"emulator":{"name":"functions"},"message":"[worker-us-central1-api-3dc9d17a-763d-44b6-834d-f2fffd84aaee]: IDLE"}}
[debug] [2022-04-04T07:54:38.740Z] [work-queue] {"queueLength":0,"workRunningCount":0}
[debug] [2022-04-04T07:54:44.944Z] [work-queue] {"queueLength":1,"workRunningCount":0}
[debug] [2022-04-04T07:54:44.944Z] [work-queue] {"queueLength":0,"workRunningCount":1}
[debug] [2022-04-04T07:54:44.945Z] Accepted request DELETE /todo-e0f41/us-central1/api/delete/JwKXAZn9dBJlFwhLl4uz --> us-central1-api
[debug] [2022-04-04T07:54:44.945Z] [worker-pool] submitWork(triggerId=us-central1-api) {"metadata":{"emulator":{"name":"functions"},"message":"[worker-pool] submitWork(triggerId=us-central1-api)"}}
[debug] [2022-04-04T07:54:44.945Z] [worker-us-central1-api-3dc9d17a-763d-44b6-834d-f2fffd84aaee]: Assigning socketPath: /tmp/fire_emu_662.sock {"metadata":{"emulator":{"name":"functions"},"message":"[worker-us-central1-api-3dc9d17a-763d-44b6-834d-f2fffd84aaee]: Assigning socketPath: /tmp/fire_emu_662.sock"}}
[debug] [2022-04-04T07:54:44.945Z] [worker-us-central1-api-3dc9d17a-763d-44b6-834d-f2fffd84aaee]: BUSY {"metadata":{"emulator":{"name":"functions"},"message":"[worker-us-central1-api-3dc9d17a-763d-44b6-834d-f2fffd84aaee]: BUSY"}}
[debug] [2022-04-04T07:54:44.946Z] [runtime-status] [662] Beginning invocation function api! {"metadata":{"emulator":{"name":"functions"},"function":{"name":"us-central1-api"},"extension":{},"message":"[runtime-status] [662] Beginning invocation function api!"}}
[info] i  functions: Beginning execution of "api" {"metadata":{"emulator":{"name":"functions"},"function":{"name":"us-central1-api"},"extension":{},"message":"Beginning execution of \"api\""}}
[debug] [2022-04-04T07:54:44.946Z] [runtime-status] [662] Running api in signature http {"metadata":{"emulator":{"name":"functions"},"function":{"name":"us-central1-api"},"extension":{},"message":"[runtime-status] [662] Running api in signature http"}}
[debug] [2022-04-04T07:54:44.947Z] [runtime-status] [662] Attempting to listen to socketPath: /tmp/fire_emu_662.sock {"metadata":{"emulator":{"name":"functions"},"function":{"name":"us-central1-api"},"extension":{},"message":"[runtime-status] [662] Attempting to listen to socketPath: /tmp/fire_emu_662.sock"}}
[debug] [2022-04-04T07:54:44.949Z] [functions] Runtime ready! Sending request! {"metadata":{"emulator":{"name":"functions"},"message":"[functions] Runtime ready! Sending request!"}}
[debug] [2022-04-04T07:54:44.950Z] [functions] Got req.url=/todo-e0f41/us-central1/api/delete/JwKXAZn9dBJlFwhLl4uz, mapping to path=/delete/JwKXAZn9dBJlFwhLl4uz {"metadata":{"emulator":{"name":"functions"},"message":"[functions] Got req.url=/todo-e0f41/us-central1/api/delete/JwKXAZn9dBJlFwhLl4uz, mapping to path=/delete/JwKXAZn9dBJlFwhLl4uz"}}
[debug] [2022-04-04T07:54:44.953Z] [runtime-status] [662] Ephemeral server handling DELETE request {"metadata":{"emulator":{"name":"functions"},"function":{"name":"us-central1-api"},"extension":{},"message":"[runtime-status] [662] Ephemeral server handling DELETE request"}}
[info] >  { id: 'JwKXAZn9dBJlFwhLl4uz' } {"user":"{ id: 'JwKXAZn9dBJlFwhLl4uz' }","metadata":{"emulator":{"name":"functions"},"function":{"name":"us-central1-api"},"extension":{},"message":"\u001b[90m> \u001b[39m { id: 'JwKXAZn9dBJlFwhLl4uz' }"}}
[info] >  JwKXAZn9dBJlFwhLl4uz {"user":"JwKXAZn9dBJlFwhLl4uz","metadata":{"emulator":{"name":"functions"},"function":{"name":"us-central1-api"},"extension":{},"message":"\u001b[90m> \u001b[39m JwKXAZn9dBJlFwhLl4uz"}}
[debug] [2022-04-04T07:54:44.955Z] [runtime-status] [662] Ephemeral server survived. {"metadata":{"emulator":{"name":"functions"},"function":{"name":"us-central1-api"},"extension":{},"message":"[runtime-status] [662] Ephemeral server survived."}}
[info] i  functions: Finished "api" in ~1s {"metadata":{"emulator":{"name":"functions"},"function":{"name":"us-central1-api"},"extension":{},"message":"Finished \"api\" in ~1s"}}
[debug] [2022-04-04T07:54:45.038Z] [worker-us-central1-api-3dc9d17a-763d-44b6-834d-f2fffd84aaee]: IDLE {"metadata":{"emulator":{"name":"functions"},"message":"[worker-us-central1-api-3dc9d17a-763d-44b6-834d-f2fffd84aaee]: IDLE"}}
[debug] [2022-04-04T07:54:45.038Z] [work-queue] {"queueLength":0,"workRunningCount":0}
[debug] [2022-04-04T07:55:49.410Z] File /home/juliob/programs/todo-app/functions/src/APIs/todos.ts changed, reloading triggers {"metadata":{"emulator":{"name":"functions"},"message":"File /home/juliob/programs/todo-app/functions/src/APIs/todos.ts changed, reloading triggers"}}
[debug] [2022-04-04T07:55:49.963Z] File /home/juliob/programs/todo-app/functions/lib/APIs/todos.js.map changed, reloading triggers {"metadata":{"emulator":{"name":"functions"},"message":"File /home/juliob/programs/todo-app/functions/lib/APIs/todos.js.map changed, reloading triggers"}}
[debug] [2022-04-04T07:55:49.964Z] File /home/juliob/programs/todo-app/functions/lib/APIs/todos.js changed, reloading triggers {"metadata":{"emulator":{"name":"functions"},"message":"File /home/juliob/programs/todo-app/functions/lib/APIs/todos.js changed, reloading triggers"}}
[debug] [2022-04-04T07:55:50.965Z] [worker-pool] Shutting down IDLE worker (us-central1-api) {"metadata":{"emulator":{"name":"functions"},"message":"[worker-pool] Shutting down IDLE worker (us-central1-api)"}}
[debug] [2022-04-04T07:55:50.966Z] [worker-us-central1-api-3dc9d17a-763d-44b6-834d-f2fffd84aaee]: FINISHING {"metadata":{"emulator":{"name":"functions"},"message":"[worker-us-central1-api-3dc9d17a-763d-44b6-834d-f2fffd84aaee]: FINISHING"}}
[debug] [2022-04-04T07:55:50.967Z] Validating nodejs source
[debug] [2022-04-04T07:55:51.803Z] > [functions] package.json contents: {
  "name": "functions",
  "scripts": {
    "lint": "eslint --ext .js,.ts .",
    "build": "tsc",
    "serve": "npm run build && firebase emulators:start --only functions",
    "shell": "npm run build && firebase functions:shell",
    "start": "npm run shell",
    "deploy": "firebase deploy --only functions",
    "logs": "firebase functions:log"
  },
  "engines": {
    "node": "16"
  },
  "main": "lib/index.js",
  "dependencies": {
    "firebase-admin": "^10.0.2",
    "firebase-functions": "^3.18.0"
  },
  "devDependencies": {
    "@typescript-eslint/eslint-plugin": "^5.12.0",
    "@typescript-eslint/parser": "^5.12.0",
    "eslint": "^8.9.0",
    "eslint-config-google": "^0.14.0",
    "eslint-plugin-import": "^2.25.4",
    "firebase-functions-test": "^0.2.0",
    "typescript": "^4.5.4"
  },
  "private": true
}
[debug] [2022-04-04T07:55:51.803Z] Building nodejs source
[debug] [2022-04-04T07:55:51.803Z] Analyzing nodejs backend spec
[debug] [2022-04-04T07:55:51.811Z] [worker-us-central1-api-3dc9d17a-763d-44b6-834d-f2fffd84aaee]: exited {"metadata":{"emulator":{"name":"functions"},"message":"[worker-us-central1-api-3dc9d17a-763d-44b6-834d-f2fffd84aaee]: exited"}}
[debug] [2022-04-04T07:55:51.811Z] [worker-us-central1-api-3dc9d17a-763d-44b6-834d-f2fffd84aaee]: FINISHED {"metadata":{"emulator":{"name":"functions"},"message":"[worker-us-central1-api-3dc9d17a-763d-44b6-834d-f2fffd84aaee]: FINISHED"}}
[debug] [2022-04-04T07:57:33.428Z] File /home/juliob/programs/todo-app/functions/src/APIs/todos.ts changed, reloading triggers {"metadata":{"emulator":{"name":"functions"},"message":"File /home/juliob/programs/todo-app/functions/src/APIs/todos.ts changed, reloading triggers"}}
[debug] [2022-04-04T07:57:34.429Z] Validating nodejs source
[debug] [2022-04-04T07:57:35.164Z] > [functions] package.json contents: {
  "name": "functions",
  "scripts": {
    "lint": "eslint --ext .js,.ts .",
    "build": "tsc",
    "serve": "npm run build && firebase emulators:start --only functions",
    "shell": "npm run build && firebase functions:shell",
    "start": "npm run shell",
    "deploy": "firebase deploy --only functions",
    "logs": "firebase functions:log"
  },
  "engines": {
    "node": "16"
  },
  "main": "lib/index.js",
  "dependencies": {
    "firebase-admin": "^10.0.2",
    "firebase-functions": "^3.18.0"
  },
  "devDependencies": {
    "@typescript-eslint/eslint-plugin": "^5.12.0",
    "@typescript-eslint/parser": "^5.12.0",
    "eslint": "^8.9.0",
    "eslint-config-google": "^0.14.0",
    "eslint-plugin-import": "^2.25.4",
    "firebase-functions-test": "^0.2.0",
    "typescript": "^4.5.4"
  },
  "private": true
}
[debug] [2022-04-04T07:57:35.164Z] Building nodejs source
[debug] [2022-04-04T07:57:35.164Z] Analyzing nodejs backend spec
[debug] [2022-04-04T07:57:53.848Z] File /home/juliob/programs/todo-app/functions/src/APIs/todos.ts changed, reloading triggers {"metadata":{"emulator":{"name":"functions"},"message":"File /home/juliob/programs/todo-app/functions/src/APIs/todos.ts changed, reloading triggers"}}
[debug] [2022-04-04T07:57:54.361Z] File /home/juliob/programs/todo-app/functions/lib/APIs/todos.js.map changed, reloading triggers {"metadata":{"emulator":{"name":"functions"},"message":"File /home/juliob/programs/todo-app/functions/lib/APIs/todos.js.map changed, reloading triggers"}}
[debug] [2022-04-04T07:57:54.361Z] File /home/juliob/programs/todo-app/functions/lib/APIs/todos.js changed, reloading triggers {"metadata":{"emulator":{"name":"functions"},"message":"File /home/juliob/programs/todo-app/functions/lib/APIs/todos.js changed, reloading triggers"}}
[debug] [2022-04-04T07:57:55.362Z] Validating nodejs source
[debug] [2022-04-04T07:57:56.090Z] > [functions] package.json contents: {
  "name": "functions",
  "scripts": {
    "lint": "eslint --ext .js,.ts .",
    "build": "tsc",
    "serve": "npm run build && firebase emulators:start --only functions",
    "shell": "npm run build && firebase functions:shell",
    "start": "npm run shell",
    "deploy": "firebase deploy --only functions",
    "logs": "firebase functions:log"
  },
  "engines": {
    "node": "16"
  },
  "main": "lib/index.js",
  "dependencies": {
    "firebase-admin": "^10.0.2",
    "firebase-functions": "^3.18.0"
  },
  "devDependencies": {
    "@typescript-eslint/eslint-plugin": "^5.12.0",
    "@typescript-eslint/parser": "^5.12.0",
    "eslint": "^8.9.0",
    "eslint-config-google": "^0.14.0",
    "eslint-plugin-import": "^2.25.4",
    "firebase-functions-test": "^0.2.0",
    "typescript": "^4.5.4"
  },
  "private": true
}
[debug] [2022-04-04T07:57:56.090Z] Building nodejs source
[debug] [2022-04-04T07:57:56.090Z] Analyzing nodejs backend spec
[debug] [2022-04-04T07:57:58.636Z] File /home/juliob/programs/todo-app/functions/src/APIs/todos.ts changed, reloading triggers {"metadata":{"emulator":{"name":"functions"},"message":"File /home/juliob/programs/todo-app/functions/src/APIs/todos.ts changed, reloading triggers"}}
[debug] [2022-04-04T07:57:59.638Z] Validating nodejs source
[debug] [2022-04-04T07:58:00.386Z] > [functions] package.json contents: {
  "name": "functions",
  "scripts": {
    "lint": "eslint --ext .js,.ts .",
    "build": "tsc",
    "serve": "npm run build && firebase emulators:start --only functions",
    "shell": "npm run build && firebase functions:shell",
    "start": "npm run shell",
    "deploy": "firebase deploy --only functions",
    "logs": "firebase functions:log"
  },
  "engines": {
    "node": "16"
  },
  "main": "lib/index.js",
  "dependencies": {
    "firebase-admin": "^10.0.2",
    "firebase-functions": "^3.18.0"
  },
  "devDependencies": {
    "@typescript-eslint/eslint-plugin": "^5.12.0",
    "@typescript-eslint/parser": "^5.12.0",
    "eslint": "^8.9.0",
    "eslint-config-google": "^0.14.0",
    "eslint-plugin-import": "^2.25.4",
    "firebase-functions-test": "^0.2.0",
    "typescript": "^4.5.4"
  },
  "private": true
}
[debug] [2022-04-04T07:58:00.386Z] Building nodejs source
[debug] [2022-04-04T07:58:00.386Z] Analyzing nodejs backend spec
[debug] [2022-04-04T07:58:28.947Z] File /home/juliob/programs/todo-app/functions/src/APIs/todos.ts changed, reloading triggers {"metadata":{"emulator":{"name":"functions"},"message":"File /home/juliob/programs/todo-app/functions/src/APIs/todos.ts changed, reloading triggers"}}
[debug] [2022-04-04T07:58:29.948Z] Validating nodejs source
[debug] [2022-04-04T07:58:30.725Z] > [functions] package.json contents: {
  "name": "functions",
  "scripts": {
    "lint": "eslint --ext .js,.ts .",
    "build": "tsc",
    "serve": "npm run build && firebase emulators:start --only functions",
    "shell": "npm run build && firebase functions:shell",
    "start": "npm run shell",
    "deploy": "firebase deploy --only functions",
    "logs": "firebase functions:log"
  },
  "engines": {
    "node": "16"
  },
  "main": "lib/index.js",
  "dependencies": {
    "firebase-admin": "^10.0.2",
    "firebase-functions": "^3.18.0"
  },
  "devDependencies": {
    "@typescript-eslint/eslint-plugin": "^5.12.0",
    "@typescript-eslint/parser": "^5.12.0",
    "eslint": "^8.9.0",
    "eslint-config-google": "^0.14.0",
    "eslint-plugin-import": "^2.25.4",
    "firebase-functions-test": "^0.2.0",
    "typescript": "^4.5.4"
  },
  "private": true
}
[debug] [2022-04-04T07:58:30.725Z] Building nodejs source
[debug] [2022-04-04T07:58:30.725Z] Analyzing nodejs backend spec
[debug] [2022-04-04T08:00:10.613Z] File /home/juliob/programs/todo-app/functions/src/APIs/todos.ts changed, reloading triggers {"metadata":{"emulator":{"name":"functions"},"message":"File /home/juliob/programs/todo-app/functions/src/APIs/todos.ts changed, reloading triggers"}}
[debug] [2022-04-04T08:00:11.030Z] File /home/juliob/programs/todo-app/functions/lib/APIs/todos.js.map changed, reloading triggers {"metadata":{"emulator":{"name":"functions"},"message":"File /home/juliob/programs/todo-app/functions/lib/APIs/todos.js.map changed, reloading triggers"}}
[debug] [2022-04-04T08:00:11.030Z] File /home/juliob/programs/todo-app/functions/lib/APIs/todos.js changed, reloading triggers {"metadata":{"emulator":{"name":"functions"},"message":"File /home/juliob/programs/todo-app/functions/lib/APIs/todos.js changed, reloading triggers"}}
[debug] [2022-04-04T08:00:12.031Z] Validating nodejs source
[debug] [2022-04-04T08:00:12.791Z] > [functions] package.json contents: {
  "name": "functions",
  "scripts": {
    "lint": "eslint --ext .js,.ts .",
    "build": "tsc",
    "serve": "npm run build && firebase emulators:start --only functions",
    "shell": "npm run build && firebase functions:shell",
    "start": "npm run shell",
    "deploy": "firebase deploy --only functions",
    "logs": "firebase functions:log"
  },
  "engines": {
    "node": "16"
  },
  "main": "lib/index.js",
  "dependencies": {
    "firebase-admin": "^10.0.2",
    "firebase-functions": "^3.18.0"
  },
  "devDependencies": {
    "@typescript-eslint/eslint-plugin": "^5.12.0",
    "@typescript-eslint/parser": "^5.12.0",
    "eslint": "^8.9.0",
    "eslint-config-google": "^0.14.0",
    "eslint-plugin-import": "^2.25.4",
    "firebase-functions-test": "^0.2.0",
    "typescript": "^4.5.4"
  },
  "private": true
}
[debug] [2022-04-04T08:00:12.791Z] Building nodejs source
[debug] [2022-04-04T08:00:12.791Z] Analyzing nodejs backend spec
[debug] [2022-04-04T08:00:34.232Z] File /home/juliob/programs/todo-app/functions/src/APIs/todos.ts changed, reloading triggers {"metadata":{"emulator":{"name":"functions"},"message":"File /home/juliob/programs/todo-app/functions/src/APIs/todos.ts changed, reloading triggers"}}
[debug] [2022-04-04T08:00:34.560Z] File /home/juliob/programs/todo-app/functions/lib/APIs/todos.js.map changed, reloading triggers {"metadata":{"emulator":{"name":"functions"},"message":"File /home/juliob/programs/todo-app/functions/lib/APIs/todos.js.map changed, reloading triggers"}}
[debug] [2022-04-04T08:00:34.561Z] File /home/juliob/programs/todo-app/functions/lib/APIs/todos.js changed, reloading triggers {"metadata":{"emulator":{"name":"functions"},"message":"File /home/juliob/programs/todo-app/functions/lib/APIs/todos.js changed, reloading triggers"}}
[debug] [2022-04-04T08:00:35.562Z] Validating nodejs source
[debug] [2022-04-04T08:00:36.352Z] > [functions] package.json contents: {
  "name": "functions",
  "scripts": {
    "lint": "eslint --ext .js,.ts .",
    "build": "tsc",
    "serve": "npm run build && firebase emulators:start --only functions",
    "shell": "npm run build && firebase functions:shell",
    "start": "npm run shell",
    "deploy": "firebase deploy --only functions",
    "logs": "firebase functions:log"
  },
  "engines": {
    "node": "16"
  },
  "main": "lib/index.js",
  "dependencies": {
    "firebase-admin": "^10.0.2",
    "firebase-functions": "^3.18.0"
  },
  "devDependencies": {
    "@typescript-eslint/eslint-plugin": "^5.12.0",
    "@typescript-eslint/parser": "^5.12.0",
    "eslint": "^8.9.0",
    "eslint-config-google": "^0.14.0",
    "eslint-plugin-import": "^2.25.4",
    "firebase-functions-test": "^0.2.0",
    "typescript": "^4.5.4"
  },
  "private": true
}
[debug] [2022-04-04T08:00:36.352Z] Building nodejs source
[debug] [2022-04-04T08:00:36.352Z] Analyzing nodejs backend spec
[debug] [2022-04-04T08:01:11.516Z] File /home/juliob/programs/todo-app/functions/src/APIs/todos.ts changed, reloading triggers {"metadata":{"emulator":{"name":"functions"},"message":"File /home/juliob/programs/todo-app/functions/src/APIs/todos.ts changed, reloading triggers"}}
[debug] [2022-04-04T08:01:11.848Z] File /home/juliob/programs/todo-app/functions/lib/APIs/todos.js.map changed, reloading triggers {"metadata":{"emulator":{"name":"functions"},"message":"File /home/juliob/programs/todo-app/functions/lib/APIs/todos.js.map changed, reloading triggers"}}
[debug] [2022-04-04T08:01:11.848Z] File /home/juliob/programs/todo-app/functions/lib/APIs/todos.js changed, reloading triggers {"metadata":{"emulator":{"name":"functions"},"message":"File /home/juliob/programs/todo-app/functions/lib/APIs/todos.js changed, reloading triggers"}}
[debug] [2022-04-04T08:01:12.849Z] Validating nodejs source
[debug] [2022-04-04T08:01:13.643Z] > [functions] package.json contents: {
  "name": "functions",
  "scripts": {
    "lint": "eslint --ext .js,.ts .",
    "build": "tsc",
    "serve": "npm run build && firebase emulators:start --only functions",
    "shell": "npm run build && firebase functions:shell",
    "start": "npm run shell",
    "deploy": "firebase deploy --only functions",
    "logs": "firebase functions:log"
  },
  "engines": {
    "node": "16"
  },
  "main": "lib/index.js",
  "dependencies": {
    "firebase-admin": "^10.0.2",
    "firebase-functions": "^3.18.0"
  },
  "devDependencies": {
    "@typescript-eslint/eslint-plugin": "^5.12.0",
    "@typescript-eslint/parser": "^5.12.0",
    "eslint": "^8.9.0",
    "eslint-config-google": "^0.14.0",
    "eslint-plugin-import": "^2.25.4",
    "firebase-functions-test": "^0.2.0",
    "typescript": "^4.5.4"
  },
  "private": true
}
[debug] [2022-04-04T08:01:13.643Z] Building nodejs source
[debug] [2022-04-04T08:01:13.643Z] Analyzing nodejs backend spec
[debug] [2022-04-04T08:01:16.453Z] File /home/juliob/programs/todo-app/functions/src/APIs/todos.ts changed, reloading triggers {"metadata":{"emulator":{"name":"functions"},"message":"File /home/juliob/programs/todo-app/functions/src/APIs/todos.ts changed, reloading triggers"}}
[debug] [2022-04-04T08:01:16.848Z] File /home/juliob/programs/todo-app/functions/lib/APIs/todos.js.map changed, reloading triggers {"metadata":{"emulator":{"name":"functions"},"message":"File /home/juliob/programs/todo-app/functions/lib/APIs/todos.js.map changed, reloading triggers"}}
[debug] [2022-04-04T08:01:16.848Z] File /home/juliob/programs/todo-app/functions/lib/APIs/todos.js changed, reloading triggers {"metadata":{"emulator":{"name":"functions"},"message":"File /home/juliob/programs/todo-app/functions/lib/APIs/todos.js changed, reloading triggers"}}
[debug] [2022-04-04T08:01:17.849Z] Validating nodejs source
[debug] [2022-04-04T08:01:18.611Z] > [functions] package.json contents: {
  "name": "functions",
  "scripts": {
    "lint": "eslint --ext .js,.ts .",
    "build": "tsc",
    "serve": "npm run build && firebase emulators:start --only functions",
    "shell": "npm run build && firebase functions:shell",
    "start": "npm run shell",
    "deploy": "firebase deploy --only functions",
    "logs": "firebase functions:log"
  },
  "engines": {
    "node": "16"
  },
  "main": "lib/index.js",
  "dependencies": {
    "firebase-admin": "^10.0.2",
    "firebase-functions": "^3.18.0"
  },
  "devDependencies": {
    "@typescript-eslint/eslint-plugin": "^5.12.0",
    "@typescript-eslint/parser": "^5.12.0",
    "eslint": "^8.9.0",
    "eslint-config-google": "^0.14.0",
    "eslint-plugin-import": "^2.25.4",
    "firebase-functions-test": "^0.2.0",
    "typescript": "^4.5.4"
  },
  "private": true
}
[debug] [2022-04-04T08:01:18.611Z] Building nodejs source
[debug] [2022-04-04T08:01:18.611Z] Analyzing nodejs backend spec
[debug] [2022-04-04T08:01:19.965Z] File /home/juliob/programs/todo-app/functions/src/APIs/todos.ts changed, reloading triggers {"metadata":{"emulator":{"name":"functions"},"message":"File /home/juliob/programs/todo-app/functions/src/APIs/todos.ts changed, reloading triggers"}}
[debug] [2022-04-04T08:01:20.346Z] File /home/juliob/programs/todo-app/functions/lib/APIs/todos.js.map changed, reloading triggers {"metadata":{"emulator":{"name":"functions"},"message":"File /home/juliob/programs/todo-app/functions/lib/APIs/todos.js.map changed, reloading triggers"}}
[debug] [2022-04-04T08:01:20.346Z] File /home/juliob/programs/todo-app/functions/lib/APIs/todos.js changed, reloading triggers {"metadata":{"emulator":{"name":"functions"},"message":"File /home/juliob/programs/todo-app/functions/lib/APIs/todos.js changed, reloading triggers"}}
[debug] [2022-04-04T08:01:21.347Z] Validating nodejs source
[debug] [2022-04-04T08:01:22.125Z] > [functions] package.json contents: {
  "name": "functions",
  "scripts": {
    "lint": "eslint --ext .js,.ts .",
    "build": "tsc",
    "serve": "npm run build && firebase emulators:start --only functions",
    "shell": "npm run build && firebase functions:shell",
    "start": "npm run shell",
    "deploy": "firebase deploy --only functions",
    "logs": "firebase functions:log"
  },
  "engines": {
    "node": "16"
  },
  "main": "lib/index.js",
  "dependencies": {
    "firebase-admin": "^10.0.2",
    "firebase-functions": "^3.18.0"
  },
  "devDependencies": {
    "@typescript-eslint/eslint-plugin": "^5.12.0",
    "@typescript-eslint/parser": "^5.12.0",
    "eslint": "^8.9.0",
    "eslint-config-google": "^0.14.0",
    "eslint-plugin-import": "^2.25.4",
    "firebase-functions-test": "^0.2.0",
    "typescript": "^4.5.4"
  },
  "private": true
}
[debug] [2022-04-04T08:01:22.125Z] Building nodejs source
[debug] [2022-04-04T08:01:22.125Z] Analyzing nodejs backend spec
[debug] [2022-04-04T08:01:43.404Z] File /home/juliob/programs/todo-app/functions/src/APIs/todos.ts changed, reloading triggers {"metadata":{"emulator":{"name":"functions"},"message":"File /home/juliob/programs/todo-app/functions/src/APIs/todos.ts changed, reloading triggers"}}
[debug] [2022-04-04T08:01:43.886Z] File /home/juliob/programs/todo-app/functions/lib/APIs/todos.js.map changed, reloading triggers {"metadata":{"emulator":{"name":"functions"},"message":"File /home/juliob/programs/todo-app/functions/lib/APIs/todos.js.map changed, reloading triggers"}}
[debug] [2022-04-04T08:01:43.886Z] File /home/juliob/programs/todo-app/functions/lib/APIs/todos.js changed, reloading triggers {"metadata":{"emulator":{"name":"functions"},"message":"File /home/juliob/programs/todo-app/functions/lib/APIs/todos.js changed, reloading triggers"}}
[debug] [2022-04-04T08:01:44.887Z] Validating nodejs source
[debug] [2022-04-04T08:01:45.649Z] > [functions] package.json contents: {
  "name": "functions",
  "scripts": {
    "lint": "eslint --ext .js,.ts .",
    "build": "tsc",
    "serve": "npm run build && firebase emulators:start --only functions",
    "shell": "npm run build && firebase functions:shell",
    "start": "npm run shell",
    "deploy": "firebase deploy --only functions",
    "logs": "firebase functions:log"
  },
  "engines": {
    "node": "16"
  },
  "main": "lib/index.js",
  "dependencies": {
    "firebase-admin": "^10.0.2",
    "firebase-functions": "^3.18.0"
  },
  "devDependencies": {
    "@typescript-eslint/eslint-plugin": "^5.12.0",
    "@typescript-eslint/parser": "^5.12.0",
    "eslint": "^8.9.0",
    "eslint-config-google": "^0.14.0",
    "eslint-plugin-import": "^2.25.4",
    "firebase-functions-test": "^0.2.0",
    "typescript": "^4.5.4"
  },
  "private": true
}
[debug] [2022-04-04T08:01:45.649Z] Building nodejs source
[debug] [2022-04-04T08:01:45.649Z] Analyzing nodejs backend spec
[debug] [2022-04-04T08:01:48.679Z] File /home/juliob/programs/todo-app/functions/src/APIs/todos.ts changed, reloading triggers {"metadata":{"emulator":{"name":"functions"},"message":"File /home/juliob/programs/todo-app/functions/src/APIs/todos.ts changed, reloading triggers"}}
[debug] [2022-04-04T08:01:49.134Z] File /home/juliob/programs/todo-app/functions/lib/APIs/todos.js.map changed, reloading triggers {"metadata":{"emulator":{"name":"functions"},"message":"File /home/juliob/programs/todo-app/functions/lib/APIs/todos.js.map changed, reloading triggers"}}
[debug] [2022-04-04T08:01:49.134Z] File /home/juliob/programs/todo-app/functions/lib/APIs/todos.js changed, reloading triggers {"metadata":{"emulator":{"name":"functions"},"message":"File /home/juliob/programs/todo-app/functions/lib/APIs/todos.js changed, reloading triggers"}}
[debug] [2022-04-04T08:01:50.135Z] Validating nodejs source
[debug] [2022-04-04T08:01:50.898Z] > [functions] package.json contents: {
  "name": "functions",
  "scripts": {
    "lint": "eslint --ext .js,.ts .",
    "build": "tsc",
    "serve": "npm run build && firebase emulators:start --only functions",
    "shell": "npm run build && firebase functions:shell",
    "start": "npm run shell",
    "deploy": "firebase deploy --only functions",
    "logs": "firebase functions:log"
  },
  "engines": {
    "node": "16"
  },
  "main": "lib/index.js",
  "dependencies": {
    "firebase-admin": "^10.0.2",
    "firebase-functions": "^3.18.0"
  },
  "devDependencies": {
    "@typescript-eslint/eslint-plugin": "^5.12.0",
    "@typescript-eslint/parser": "^5.12.0",
    "eslint": "^8.9.0",
    "eslint-config-google": "^0.14.0",
    "eslint-plugin-import": "^2.25.4",
    "firebase-functions-test": "^0.2.0",
    "typescript": "^4.5.4"
  },
  "private": true
}
[debug] [2022-04-04T08:01:50.898Z] Building nodejs source
[debug] [2022-04-04T08:01:50.898Z] Analyzing nodejs backend spec
[debug] [2022-04-04T08:01:54.766Z] File /home/juliob/programs/todo-app/functions/src/APIs/todos.ts changed, reloading triggers {"metadata":{"emulator":{"name":"functions"},"message":"File /home/juliob/programs/todo-app/functions/src/APIs/todos.ts changed, reloading triggers"}}
[debug] [2022-04-04T08:01:55.137Z] File /home/juliob/programs/todo-app/functions/lib/APIs/todos.js.map changed, reloading triggers {"metadata":{"emulator":{"name":"functions"},"message":"File /home/juliob/programs/todo-app/functions/lib/APIs/todos.js.map changed, reloading triggers"}}
[debug] [2022-04-04T08:01:55.137Z] File /home/juliob/programs/todo-app/functions/lib/APIs/todos.js changed, reloading triggers {"metadata":{"emulator":{"name":"functions"},"message":"File /home/juliob/programs/todo-app/functions/lib/APIs/todos.js changed, reloading triggers"}}
[debug] [2022-04-04T08:01:56.138Z] Validating nodejs source
[debug] [2022-04-04T08:01:56.903Z] > [functions] package.json contents: {
  "name": "functions",
  "scripts": {
    "lint": "eslint --ext .js,.ts .",
    "build": "tsc",
    "serve": "npm run build && firebase emulators:start --only functions",
    "shell": "npm run build && firebase functions:shell",
    "start": "npm run shell",
    "deploy": "firebase deploy --only functions",
    "logs": "firebase functions:log"
  },
  "engines": {
    "node": "16"
  },
  "main": "lib/index.js",
  "dependencies": {
    "firebase-admin": "^10.0.2",
    "firebase-functions": "^3.18.0"
  },
  "devDependencies": {
    "@typescript-eslint/eslint-plugin": "^5.12.0",
    "@typescript-eslint/parser": "^5.12.0",
    "eslint": "^8.9.0",
    "eslint-config-google": "^0.14.0",
    "eslint-plugin-import": "^2.25.4",
    "firebase-functions-test": "^0.2.0",
    "typescript": "^4.5.4"
  },
  "private": true
}
[debug] [2022-04-04T08:01:56.903Z] Building nodejs source
[debug] [2022-04-04T08:01:56.903Z] Analyzing nodejs backend spec
[debug] [2022-04-04T08:02:02.184Z] File /home/juliob/programs/todo-app/functions/src/APIs/todos.ts changed, reloading triggers {"metadata":{"emulator":{"name":"functions"},"message":"File /home/juliob/programs/todo-app/functions/src/APIs/todos.ts changed, reloading triggers"}}
[debug] [2022-04-04T08:02:02.650Z] File /home/juliob/programs/todo-app/functions/lib/APIs/todos.js.map changed, reloading triggers {"metadata":{"emulator":{"name":"functions"},"message":"File /home/juliob/programs/todo-app/functions/lib/APIs/todos.js.map changed, reloading triggers"}}
[debug] [2022-04-04T08:02:02.651Z] File /home/juliob/programs/todo-app/functions/lib/APIs/todos.js changed, reloading triggers {"metadata":{"emulator":{"name":"functions"},"message":"File /home/juliob/programs/todo-app/functions/lib/APIs/todos.js changed, reloading triggers"}}
[debug] [2022-04-04T08:02:03.652Z] Validating nodejs source
[debug] [2022-04-04T08:02:04.484Z] > [functions] package.json contents: {
  "name": "functions",
  "scripts": {
    "lint": "eslint --ext .js,.ts .",
    "build": "tsc",
    "serve": "npm run build && firebase emulators:start --only functions",
    "shell": "npm run build && firebase functions:shell",
    "start": "npm run shell",
    "deploy": "firebase deploy --only functions",
    "logs": "firebase functions:log"
  },
  "engines": {
    "node": "16"
  },
  "main": "lib/index.js",
  "dependencies": {
    "firebase-admin": "^10.0.2",
    "firebase-functions": "^3.18.0"
  },
  "devDependencies": {
    "@typescript-eslint/eslint-plugin": "^5.12.0",
    "@typescript-eslint/parser": "^5.12.0",
    "eslint": "^8.9.0",
    "eslint-config-google": "^0.14.0",
    "eslint-plugin-import": "^2.25.4",
    "firebase-functions-test": "^0.2.0",
    "typescript": "^4.5.4"
  },
  "private": true
}
[debug] [2022-04-04T08:02:04.485Z] Building nodejs source
[debug] [2022-04-04T08:02:04.485Z] Analyzing nodejs backend spec
